android_coupangeats/app/build/intermediates/manifest_merge_blame_file/debug/manifest-merger-blame-debug-report.txt
1<?xml version="1.0" encoding="utf-8"?>
2<manifest xmlns:android="http://schemas.android.com/apk/res/android"
3    package="com.example.android_coupangeats"
4    android:versionCode="1"
5    android:versionName="1.0" >
6
7    <uses-sdk
8        android:minSdkVersion="23"
8-->src/main/AndroidManifest.xml
9        android:targetSdkVersion="31" />
9-->src/main/AndroidManifest.xml
10
11    <application
11-->src/main/AndroidManifest.xml:5:5-43:19
12        android:allowBackup="true"
12-->src/main/AndroidManifest.xml:6:9-35
13        android:appComponentFactory="androidx.core.app.CoreComponentFactory"
13-->[androidx.core:core:1.7.0] AndroidManifest.xml:24:18-86
14        android:debuggable="true"
15        android:extractNativeLibs="false"
16        android:icon="@mipmap/ic_launcher"
16-->src/main/AndroidManifest.xml:7:9-43
17        android:label="@string/app_name"
17-->src/main/AndroidManifest.xml:8:9-41
18        android:roundIcon="@mipmap/ic_launcher_round"
18-->src/main/AndroidManifest.xml:9:9-54
19        android:supportsRtl="true"
19-->src/main/AndroidManifest.xml:10:9-35
20        android:testOnly="true"
21        android:theme="@style/Theme.Android_coupangeats" >
21-->src/main/AndroidManifest.xml:11:9-57
22        <activity
22-->src/main/AndroidManifest.xml:12:9-22:20
23            android:name="com.example.android_coupangeats.src.splash.SplashActivity"
23-->src/main/AndroidManifest.xml:13:13-54
24            android:exported="true"
24-->src/main/AndroidManifest.xml:16:13-36
25            android:screenOrientation="portrait"
25-->src/main/AndroidManifest.xml:14:13-49
26            android:theme="@style/AppTheme.NoActionBar" >
26-->src/main/AndroidManifest.xml:15:13-56
27            <intent-filter>
27-->src/main/AndroidManifest.xml:17:13-21:29
28                <action android:name="android.intent.action.MAIN" />
28-->src/main/AndroidManifest.xml:18:17-69
28-->src/main/AndroidManifest.xml:18:25-66
29
30                <category android:name="android.intent.category.LAUNCHER" />
30-->src/main/AndroidManifest.xml:20:17-77
30-->src/main/AndroidManifest.xml:20:27-74
31            </intent-filter>
32        </activity>
33        <activity
33-->src/main/AndroidManifest.xml:23:9-27:38
34            android:name="com.example.android_coupangeats.src.main.MainActivity"
34-->src/main/AndroidManifest.xml:24:13-50
35            android:exported="true"
35-->src/main/AndroidManifest.xml:27:13-36
36            android:screenOrientation="portrait"
36-->src/main/AndroidManifest.xml:25:13-49
37            android:theme="@style/AppTheme.NoActionBar" />
37-->src/main/AndroidManifest.xml:26:13-56
38        <activity
38-->src/main/AndroidManifest.xml:28:9-32:38
39            android:name="com.example.android_coupangeats.src.main.login.LoginActivity"
39-->src/main/AndroidManifest.xml:29:13-57
40            android:exported="true"
40-->src/main/AndroidManifest.xml:32:13-36
41            android:screenOrientation="portrait"
41-->src/main/AndroidManifest.xml:30:13-49
42            android:theme="@style/AppTheme.NoActionBar" />
42-->src/main/AndroidManifest.xml:31:13-56
43        <activity
43-->src/main/AndroidManifest.xml:33:9-37:38
44            android:name="com.example.android_coupangeats.src.main.login.BottomActivity"
44-->src/main/AndroidManifest.xml:34:13-58
45            android:exported="true"
45-->src/main/AndroidManifest.xml:37:13-36
46            android:screenOrientation="portrait"
46-->src/main/AndroidManifest.xml:35:13-49
47            android:theme="@style/Theme.AppCompat.Transparent.NoActionBar" />
47-->src/main/AndroidManifest.xml:36:13-75
48        <activity
48-->src/main/AndroidManifest.xml:38:9-42:38
49            android:name="com.example.android_coupangeats.src.main.signup.SignUpActivity"
49-->src/main/AndroidManifest.xml:39:13-59
50            android:exported="true"
50-->src/main/AndroidManifest.xml:42:13-36
51            android:screenOrientation="portrait"
51-->src/main/AndroidManifest.xml:40:13-49
52            android:theme="@style/AppTheme.NoActionBar" />
52-->src/main/AndroidManifest.xml:41:13-56
53
54        <provider
54-->[androidx.emoji2:emoji2:1.0.0] AndroidManifest.xml:26:9-34:20
55            android:name="androidx.startup.InitializationProvider"
55-->[androidx.emoji2:emoji2:1.0.0] AndroidManifest.xml:27:13-67
56            android:authorities="com.example.android_coupangeats.androidx-startup"
56-->[androidx.emoji2:emoji2:1.0.0] AndroidManifest.xml:28:13-68
57            android:exported="false" >
57-->[androidx.emoji2:emoji2:1.0.0] AndroidManifest.xml:29:13-37
58            <meta-data
58-->[androidx.emoji2:emoji2:1.0.0] AndroidManifest.xml:31:13-33:52
59                android:name="androidx.emoji2.text.EmojiCompatInitializer"
59-->[androidx.emoji2:emoji2:1.0.0] AndroidManifest.xml:32:17-75
60                android:value="androidx.startup" />
60-->[androidx.emoji2:emoji2:1.0.0] AndroidManifest.xml:33:17-49
61            <meta-data
61-->[androidx.lifecycle:lifecycle-process:2.4.0] AndroidManifest.xml:31:13-33:52
62                android:name="androidx.lifecycle.ProcessLifecycleInitializer"
62-->[androidx.lifecycle:lifecycle-process:2.4.0] AndroidManifest.xml:32:17-78
63                android:value="androidx.startup" />
63-->[androidx.lifecycle:lifecycle-process:2.4.0] AndroidManifest.xml:33:17-49
64        </provider>
65    </application>
66
67</manifest>